%!Adobe-FontList 1.14
%Locale:0x809

%BeginFont
Handler:DirectoryHandler
FontType:Type1
FontName:FantaisieArtistique
FamilyName:FantaisieArtistique
StyleName:Medium
FullName:FantaisieArtistique
MenuName:FantaisieArtistique
StyleBits:0
WritingScript:Roman
OutlineFileName:Z:\git\card-generator\mysticelements\Font\FantaisieArtistique.otf
DataFormat:sfntData
UsesStandardEncoding:yes
isCFF:yes
FileLength:21780
FileModTime:1765833942
WeightClass:500
WidthClass:5
AngleClass:0
%EndFont

%BeginFont
Handler:DirectoryHandler
FontType:TrueType
FontName:FantaisieArtistique
FamilyName:FantaisieArtistique
StyleName:Medium
FullName:FantaisieArtistique
MenuName:FantaisieArtistique
StyleBits:0
WritingScript:Roman
OutlineFileName:Z:\git\card-generator\mysticelements\Font\FantaisieArtistique.ttf
DataFormat:sfntData
FileLength:26756
FileModTime:1765833942
WeightClass:500
WidthClass:5
AngleClass:0
%EndFont

%BeginFont
Handler:DirectoryHandler
FontType:TrueType
FontName:NotoEmoji-Bold
FamilyName:Noto Emoji
StyleName:Bold
FullName:Noto Emoji Bold
MenuName:Noto Emoji
StyleBits:2
WritingScript:Roman
OutlineFileName:Z:\git\card-generator\mysticelements\Font\NotoEmoji-Bold.ttf
DataFormat:sfntData
FileLength:889152
FileModTime:1765833942
WeightClass:700
WidthClass:5
AngleClass:0
%EndFont

%BeginFont
Handler:DirectoryHandler
FontType:Type1
FontName:NotoEmoji-Light
FamilyName:Noto Emoji
StyleName:Light
FullName:Noto Emoji Light
MenuName:Noto Emoji Light
StyleBits:0
WritingScript:Roman
OutlineFileName:Z:\git\card-generator\mysticelements\Font\NotoEmoji-Light.otf
DataFormat:sfntData
UsesStandardEncoding:yes
isCFF:yes
FileLength:3274464
FileModTime:1765833942
WeightClass:300
WidthClass:5
AngleClass:0
%EndFont

%BeginFont
Handler:DirectoryHandler
FontType:Invalid
OutlineFileName:Z:\git\card-generator\mysticelements\Font\NotoEmoji-Light.svg
FileModTime:1765833942
%EndFont

%BeginFont
Handler:DirectoryHandler
FontType:TrueType
FontName:NotoEmoji-Light
FamilyName:Noto Emoji
StyleName:Light
FullName:Noto Emoji Light
MenuName:Noto Emoji Light
StyleBits:0
WritingScript:Roman
OutlineFileName:Z:\git\card-generator\mysticelements\Font\NotoEmoji-Light.ttf
DataFormat:sfntData
FileLength:890604
FileModTime:1765833942
WeightClass:300
WidthClass:5
AngleClass:0
%EndFont

%BeginFont
Handler:DirectoryHandler
FontType:TrueType
FontName:NotoEmoji-Medium
FamilyName:Noto Emoji
StyleName:Medium
FullName:Noto Emoji Medium
MenuName:Noto Emoji Medium
StyleBits:0
WritingScript:Roman
OutlineFileName:Z:\git\card-generator\mysticelements\Font\NotoEmoji-Medium.ttf
DataFormat:sfntData
FileLength:890808
FileModTime:1765833942
WeightClass:500
WidthClass:5
AngleClass:0
%EndFont

%BeginFont
Handler:DirectoryHandler
FontType:TrueType
FontName:NotoEmoji-Regular
FamilyName:Noto Emoji
StyleName:Regular
FullName:Noto Emoji Regular
MenuName:Noto Emoji
StyleBits:0
WritingScript:Roman
OutlineFileName:Z:\git\card-generator\mysticelements\Font\NotoEmoji-Regular.ttf
DataFormat:sfntData
FileLength:890608
FileModTime:1765833942
WeightClass:400
WidthClass:5
AngleClass:0
%EndFont

%BeginFont
Handler:DirectoryHandler
FontType:TrueType
FontName:NotoEmoji-SemiBold
FamilyName:Noto Emoji
StyleName:SemiBold
FullName:Noto Emoji SemiBold
MenuName:Noto Emoji SemiBold
StyleBits:0
WritingScript:Roman
OutlineFileName:Z:\git\card-generator\mysticelements\Font\NotoEmoji-SemiBold.ttf
DataFormat:sfntData
FileLength:890660
FileModTime:1765833942
WeightClass:600
WidthClass:5
AngleClass:0
%EndFont

%BeginFont
Handler:DirectoryHandler
FontType:TrueType
FontName:NotoEmoji-Regular
FamilyName:Noto Emoji
StyleName:Regular
FullName:Noto Emoji Regular
MenuName:Noto Emoji
StyleBits:0
WritingScript:Roman
OutlineFileName:Z:\git\card-generator\mysticelements\Font\NotoEmoji.ttf
DataFormat:sfntData
FileLength:1997612
FileModTime:1765833942
WeightClass:400
WidthClass:5
AngleClass:0
%EndFont

%BeginFont
Handler:DirectoryHandler
FontType:Type1
FontName:SualtimRegular
FamilyName:Sualtim
StyleName:Regular
FullName:Sualtim Regular
MenuName:Sualtim
StyleBits:0
WritingScript:Roman
OutlineFileName:Z:\git\card-generator\mysticelements\Font\Sualtim.otf
DataFormat:sfntData
UsesStandardEncoding:yes
isCFF:yes
FileLength:43456
FileModTime:1765833942
WeightClass:500
WidthClass:5
AngleClass:0
%EndFont

%BeginFont
Handler:DirectoryHandler
FontType:Type1
FontName:FantaisieArtistique
FamilyName:FantaisieArtistique
StyleName:Medium
FullName:FantaisieArtistique
MenuName:FantaisieArtistique
StyleBits:0
WritingScript:Roman
OutlineFileName:Z:\git\card-generator\mysticelements\Font\FantaisieArtistique.otf
DataFormat:sfntData
UsesStandardEncoding:yes
isCFF:yes
FileLength:21780
FileModTime:1765833942
WeightClass:500
WidthClass:5
AngleClass:0
%EndFont

%BeginFont
Handler:DirectoryHandler
FontType:TrueType
FontName:FantaisieArtistique
FamilyName:FantaisieArtistique
StyleName:Medium
FullName:FantaisieArtistique
MenuName:FantaisieArtistique
StyleBits:0
WritingScript:Roman
OutlineFileName:Z:\git\card-generator\mysticelements\Font\FantaisieArtistique.ttf
DataFormat:sfntData
FileLength:26756
FileModTime:1765833942
WeightClass:500
WidthClass:5
AngleClass:0
%EndFont

%BeginFont
Handler:DirectoryHandler
FontType:TrueType
FontName:NotoEmoji-Bold
FamilyName:Noto Emoji
StyleName:Bold
FullName:Noto Emoji Bold
MenuName:Noto Emoji
StyleBits:2
WritingScript:Roman
OutlineFileName:Z:\git\card-generator\mysticelements\Font\NotoEmoji-Bold.ttf
DataFormat:sfntData
FileLength:889152
FileModTime:1765833942
WeightClass:700
WidthClass:5
AngleClass:0
%EndFont

%BeginFont
Handler:DirectoryHandler
FontType:Type1
FontName:NotoEmoji-Light
FamilyName:Noto Emoji
StyleName:Light
FullName:Noto Emoji Light
MenuName:Noto Emoji Light
StyleBits:0
WritingScript:Roman
OutlineFileName:Z:\git\card-generator\mysticelements\Font\NotoEmoji-Light.otf
DataFormat:sfntData
UsesStandardEncoding:yes
isCFF:yes
FileLength:3274464
FileModTime:1765833942
WeightClass:300
WidthClass:5
AngleClass:0
%EndFont

%BeginFont
Handler:DirectoryHandler
FontType:Invalid
OutlineFileName:Z:\git\card-generator\mysticelements\Font\NotoEmoji-Light.svg
FileModTime:1765833942
%EndFont

%BeginFont
Handler:DirectoryHandler
FontType:TrueType
FontName:NotoEmoji-Light
FamilyName:Noto Emoji
StyleName:Light
FullName:Noto Emoji Light
MenuName:Noto Emoji Light
StyleBits:0
WritingScript:Roman
OutlineFileName:Z:\git\card-generator\mysticelements\Font\NotoEmoji-Light.ttf
DataFormat:sfntData
FileLength:890604
FileModTime:1765833942
WeightClass:300
WidthClass:5
AngleClass:0
%EndFont

%BeginFont
Handler:DirectoryHandler
FontType:TrueType
FontName:NotoEmoji-Medium
FamilyName:Noto Emoji
StyleName:Medium
FullName:Noto Emoji Medium
MenuName:Noto Emoji Medium
StyleBits:0
WritingScript:Roman
OutlineFileName:Z:\git\card-generator\mysticelements\Font\NotoEmoji-Medium.ttf
DataFormat:sfntData
FileLength:890808
FileModTime:1765833942
WeightClass:500
WidthClass:5
AngleClass:0
%EndFont

%BeginFont
Handler:DirectoryHandler
FontType:TrueType
FontName:NotoEmoji-Regular
FamilyName:Noto Emoji
StyleName:Regular
FullName:Noto Emoji Regular
MenuName:Noto Emoji
StyleBits:0
WritingScript:Roman
OutlineFileName:Z:\git\card-generator\mysticelements\Font\NotoEmoji-Regular.ttf
DataFormat:sfntData
FileLength:890608
FileModTime:1765833942
WeightClass:400
WidthClass:5
AngleClass:0
%EndFont

%BeginFont
Handler:DirectoryHandler
FontType:TrueType
FontName:NotoEmoji-SemiBold
FamilyName:Noto Emoji
StyleName:SemiBold
FullName:Noto Emoji SemiBold
MenuName:Noto Emoji SemiBold
StyleBits:0
WritingScript:Roman
OutlineFileName:Z:\git\card-generator\mysticelements\Font\NotoEmoji-SemiBold.ttf
DataFormat:sfntData
FileLength:890660
FileModTime:1765833942
WeightClass:600
WidthClass:5
AngleClass:0
%EndFont

%BeginFont
Handler:DirectoryHandler
FontType:TrueType
FontName:NotoEmoji-Regular
FamilyName:Noto Emoji
StyleName:Regular
FullName:Noto Emoji Regular
MenuName:Noto Emoji
StyleBits:0
WritingScript:Roman
OutlineFileName:Z:\git\card-generator\mysticelements\Font\NotoEmoji.ttf
DataFormat:sfntData
FileLength:1997612
FileModTime:1765833942
WeightClass:400
WidthClass:5
AngleClass:0
%EndFont

%BeginFont
Handler:DirectoryHandler
FontType:Type1
FontName:SualtimRegular
FamilyName:Sualtim
StyleName:Regular
FullName:Sualtim Regular
MenuName:Sualtim
StyleBits:0
WritingScript:Roman
OutlineFileName:Z:\git\card-generator\mysticelements\Font\Sualtim.otf
DataFormat:sfntData
UsesStandardEncoding:yes
isCFF:yes
FileLength:43456
FileModTime:1765833942
WeightClass:500
WidthClass:5
AngleClass:0
%EndFont

